[debug] [2021-06-25T11:19:57.008Z] ----------------------------------------------------------------------
[debug] [2021-06-25T11:19:57.010Z] Command:       C:\Program Files\nodejs\node.exe C:\Users\user\AppData\Roaming\npm\node_modules\firebase-tools\lib\bin\firebase.js emulators:start
[debug] [2021-06-25T11:19:57.011Z] CLI Version:   9.14.0
[debug] [2021-06-25T11:19:57.011Z] Platform:      win32
[debug] [2021-06-25T11:19:57.011Z] Node Version:  v14.12.0
[debug] [2021-06-25T11:19:57.012Z] Time:          Fri Jun 25 2021 17:04:57 GMT+0545 (Nepal Time)
[debug] [2021-06-25T11:19:57.012Z] ----------------------------------------------------------------------
[debug] 
[debug] [2021-06-25T11:19:57.023Z] > command requires scopes: ["email","openid","https://www.googleapis.com/auth/cloudplatformprojects.readonly","https://www.googleapis.com/auth/firebase","https://www.googleapis.com/auth/cloud-platform"]
[debug] [2021-06-25T11:19:57.023Z] > authorizing via signed-in user (db7467614@gmail.com)
[info] i  emulators: Starting emulators: functions, hosting {"metadata":{"emulator":{"name":"hub"},"message":"Starting emulators: functions, hosting"}}
[debug] [2021-06-25T11:19:57.052Z] [hub] writing locator at C:\Users\user\AppData\Local\Temp\hub-clone-df2a6.json
[warn] !  functions: The following emulators are not running, calls to these services from the Functions emulator will affect production: auth, firestore, database, pubsub, storage {"metadata":{"emulator":{"name":"functions"},"message":"The following emulators are not running, calls to these services from the Functions emulator will affect production: \u001b[1mauth, firestore, database, pubsub, storage\u001b[22m"}}
[info] +  functions: Using node@14 from host. {"metadata":{"emulator":{"name":"functions"},"message":"Using node@14 from host."}}
[debug] [2021-06-25T11:19:57.094Z] defaultcredentials: writing to file C:\Users\user\AppData\Roaming\firebase\db7467614_gmail_com_application_default_credentials.json
[debug] [2021-06-25T11:19:57.096Z] Setting GAC to C:\Users\user\AppData\Roaming\firebase\db7467614_gmail_com_application_default_credentials.json {"metadata":{"emulator":{"name":"functions"},"message":"Setting GAC to C:\\Users\\user\\AppData\\Roaming\\firebase\\db7467614_gmail_com_application_default_credentials.json"}}
[debug] [2021-06-25T11:19:57.099Z] > refreshing access token with scopes: []
[debug] [2021-06-25T11:19:57.100Z] >>> HTTP REQUEST POST https://www.googleapis.com/oauth2/v3/token  
 <request body omitted>
[debug] [2021-06-25T11:19:57.427Z] <<< HTTP RESPONSE 200 {"date":"Fri, 25 Jun 2021 11:19:58 GMT","expires":"Mon, 01 Jan 1990 00:00:00 GMT","pragma":"no-cache","cache-control":"no-cache, no-store, max-age=0, must-revalidate","content-type":"application/json; charset=utf-8","vary":"X-Origin, Referer, Origin,Accept-Encoding","server":"scaffolding on HTTPServer2","x-xss-protection":"0","x-frame-options":"SAMEORIGIN","x-content-type-options":"nosniff","alt-svc":"h3=\":443\"; ma=2592000,h3-29=\":443\"; ma=2592000,h3-T051=\":443\"; ma=2592000,h3-Q050=\":443\"; ma=2592000,h3-Q046=\":443\"; ma=2592000,h3-Q043=\":443\"; ma=2592000,quic=\":443\"; ma=2592000; v=\"46,43\"","accept-ranges":"none","transfer-encoding":"chunked"}
[debug] [2021-06-25T11:19:57.437Z] >>> [apiv2][query] GET https://firebase.googleapis.com/v1beta1/projects/clone-df2a6/adminSdkConfig [none]
[debug] [2021-06-25T11:19:58.258Z] <<< [apiv2][status] GET https://firebase.googleapis.com/v1beta1/projects/clone-df2a6/adminSdkConfig 200
[debug] [2021-06-25T11:19:58.258Z] <<< [apiv2][body] GET https://firebase.googleapis.com/v1beta1/projects/clone-df2a6/adminSdkConfig {"projectId":"clone-df2a6","storageBucket":"clone-df2a6.appspot.com"}
[debug] [2021-06-25T11:19:58.269Z] >>> [apiv2][query] GET https://firebasehosting.googleapis.com/v1beta1/projects/clone-df2a6/sites 
[debug] [2021-06-25T11:20:00.210Z] <<< [apiv2][status] GET https://firebasehosting.googleapis.com/v1beta1/projects/clone-df2a6/sites 200
[debug] [2021-06-25T11:20:00.210Z] <<< [apiv2][body] GET https://firebasehosting.googleapis.com/v1beta1/projects/clone-df2a6/sites {"sites":[{"name":"projects/951700037310/sites/clone-df2a6","defaultUrl":"https://clone-df2a6.web.app","appId":"1:951700037310:web:9c76452b98da46238688ef","type":"DEFAULT_SITE"}]}
[debug] [2021-06-25T11:20:00.211Z] >>> [apiv2][query] GET https://firebase.googleapis.com/v1beta1/projects/clone-df2a6/webApps/1:951700037310:web:9c76452b98da46238688ef/config [none]
[debug] [2021-06-25T11:20:01.596Z] <<< [apiv2][status] GET https://firebase.googleapis.com/v1beta1/projects/clone-df2a6/webApps/1:951700037310:web:9c76452b98da46238688ef/config 200
[debug] [2021-06-25T11:20:01.596Z] <<< [apiv2][body] GET https://firebase.googleapis.com/v1beta1/projects/clone-df2a6/webApps/1:951700037310:web:9c76452b98da46238688ef/config {"projectId":"clone-df2a6","appId":"1:951700037310:web:9c76452b98da46238688ef","storageBucket":"clone-df2a6.appspot.com","apiKey":"AIzaSyDvjI08nm_ri2L8gWamXQzzGpb0vkuTHI8","authDomain":"clone-df2a6.firebaseapp.com","messagingSenderId":"951700037310","measurementId":"G-ZH77EH8PCW"}
[info] i  hosting: Serving hosting files from: build {"metadata":{"emulator":{"name":"hosting"},"message":"Serving hosting files from: \u001b[1mbuild\u001b[22m"}}
[info] +  hosting: Local server: http://localhost:5000 {"metadata":{"emulator":{"name":"hosting"},"message":"Local server: \u001b[4m\u001b[1mhttp://localhost:5000\u001b[22m\u001b[24m"}}
[info] i  ui: downloading ui-v1.5.0.zip... {"metadata":{"emulator":{"name":"ui"},"message":"downloading ui-v1.5.0.zip..."}}
[debug] [2021-06-25T11:20:01.637Z] >>> [apiv2][query] GET https://storage.googleapis.com/firebase-preview-drop/emulator/ui-v1.5.0.zip 
[debug] [2021-06-25T11:20:02.984Z] <<< [apiv2][status] GET https://storage.googleapis.com/firebase-preview-drop/emulator/ui-v1.5.0.zip 200
[debug] [2021-06-25T11:20:02.984Z] <<< [apiv2][body] GET https://storage.googleapis.com/firebase-preview-drop/emulator/ui-v1.5.0.zip [stream]
[debug] [2021-06-25T11:20:09.278Z] Ignoring unsupported arg: auto_download {"metadata":{"emulator":{"name":"ui"},"message":"Ignoring unsupported arg: auto_download"}}
[debug] [2021-06-25T11:20:09.279Z] Ignoring unsupported arg: port {"metadata":{"emulator":{"name":"ui"},"message":"Ignoring unsupported arg: port"}}
[debug] [2021-06-25T11:20:09.279Z] Starting Emulator UI with command {"binary":"node","args":["C:\\Users\\user\\.cache\\firebase\\emulators\\ui-v1.5.0\\server.bundle.js"],"optionalArgs":[],"joinArgs":false} {"metadata":{"emulator":{"name":"ui"},"message":"Starting Emulator UI with command {\"binary\":\"node\",\"args\":[\"C:\\\\Users\\\\user\\\\.cache\\\\firebase\\\\emulators\\\\ui-v1.5.0\\\\server.bundle.js\"],\"optionalArgs\":[],\"joinArgs\":false}"}}
[info] i  ui: Emulator UI logging to ui-debug.log {"metadata":{"emulator":{"name":"ui"},"message":"Emulator UI logging to \u001b[1mui-debug.log\u001b[22m"}}
[debug] [2021-06-25T11:20:09.391Z] Web / API server started at http://localhost:4000
 {"metadata":{"emulator":{"name":"ui"},"message":"Web / API server started at http://localhost:4000\n"}}
[info] i  functions: Watching "D:\React\amazon-clone\functions" for Cloud Functions... {"metadata":{"emulator":{"name":"functions"},"message":"Watching \"D:\\React\\amazon-clone\\functions\" for Cloud Functions..."}}
[debug] [2021-06-25T11:20:09.580Z] [worker-pool] addWorker(~diagnostic~) {"metadata":{"emulator":{"name":"functions"},"message":"[worker-pool] addWorker(~diagnostic~)"}}
[debug] [2021-06-25T11:20:09.580Z] [worker-pool] Adding worker with key ~diagnostic~, total=1 {"metadata":{"emulator":{"name":"functions"},"message":"[worker-pool] Adding worker with key ~diagnostic~, total=1"}}
[debug] [2021-06-25T11:20:09.580Z] [worker-pool] submitWork(triggerId=) {"metadata":{"emulator":{"name":"functions"},"message":"[worker-pool] submitWork(triggerId=)"}}
[debug] [2021-06-25T11:20:09.580Z] [worker-~diagnostic~-5deec50e-3373-4efd-97ff-b09dd3090e84]: Assigning socketPath: \\?\pipe\D:\React\amazon-clone\functions\1236 {"metadata":{"emulator":{"name":"functions"},"message":"[worker-~diagnostic~-5deec50e-3373-4efd-97ff-b09dd3090e84]: Assigning socketPath: \\\\?\\pipe\\D:\\React\\amazon-clone\\functions\\1236"}}
[debug] [2021-06-25T11:20:09.581Z] [worker-~diagnostic~-5deec50e-3373-4efd-97ff-b09dd3090e84]: BUSY {"metadata":{"emulator":{"name":"functions"},"message":"[worker-~diagnostic~-5deec50e-3373-4efd-97ff-b09dd3090e84]: BUSY"}}
[debug] [2021-06-25T11:20:09.761Z] [runtime-status] [1236] Functions runtime initialized. {"cwd":"D:\\React\\amazon-clone\\functions","node_version":"14.12.0"} {"metadata":{"emulator":{"name":"functions"},"message":"[runtime-status] [1236] Functions runtime initialized. {\"cwd\":\"D:\\\\React\\\\amazon-clone\\\\functions\",\"node_version\":\"14.12.0\"}"}}
[debug] [2021-06-25T11:20:09.762Z] [runtime-status] [1236] Disabled runtime features: undefined {"metadata":{"emulator":{"name":"functions"},"message":"[runtime-status] [1236] Disabled runtime features: undefined"}}
[debug] [2021-06-25T11:20:09.765Z] [runtime-status] [1236] Resolved module firebase-admin {"declared":true,"installed":true,"version":"9.10.0","resolution":"D:\\React\\amazon-clone\\functions\\node_modules\\firebase-admin\\lib\\index.js"} {"metadata":{"emulator":{"name":"functions"},"message":"[runtime-status] [1236] Resolved module firebase-admin {\"declared\":true,\"installed\":true,\"version\":\"9.10.0\",\"resolution\":\"D:\\\\React\\\\amazon-clone\\\\functions\\\\node_modules\\\\firebase-admin\\\\lib\\\\index.js\"}"}}
[debug] [2021-06-25T11:20:09.767Z] [runtime-status] [1236] Resolved module firebase-functions {"declared":true,"installed":true,"version":"3.14.1","resolution":"D:\\React\\amazon-clone\\functions\\node_modules\\firebase-functions\\lib\\index.js"} {"metadata":{"emulator":{"name":"functions"},"message":"[runtime-status] [1236] Resolved module firebase-functions {\"declared\":true,\"installed\":true,\"version\":\"3.14.1\",\"resolution\":\"D:\\\\React\\\\amazon-clone\\\\functions\\\\node_modules\\\\firebase-functions\\\\lib\\\\index.js\"}"}}
[debug] [2021-06-25T11:20:09.769Z] [runtime-status] [1236] Resolved module firebase-functions {"declared":true,"installed":true,"version":"3.14.1","resolution":"D:\\React\\amazon-clone\\functions\\node_modules\\firebase-functions\\lib\\index.js"} {"metadata":{"emulator":{"name":"functions"},"message":"[runtime-status] [1236] Resolved module firebase-functions {\"declared\":true,\"installed\":true,\"version\":\"3.14.1\",\"resolution\":\"D:\\\\React\\\\amazon-clone\\\\functions\\\\node_modules\\\\firebase-functions\\\\lib\\\\index.js\"}"}}
[debug] [2021-06-25T11:20:09.770Z] [runtime-status] [1236] Outgoing network have been stubbed. [{"name":"http","status":"mocked"},{"name":"http","status":"mocked"},{"name":"https","status":"mocked"},{"name":"https","status":"mocked"},{"name":"net","status":"mocked"}] {"metadata":{"emulator":{"name":"functions"},"message":"[runtime-status] [1236] Outgoing network have been stubbed. [{\"name\":\"http\",\"status\":\"mocked\"},{\"name\":\"http\",\"status\":\"mocked\"},{\"name\":\"https\",\"status\":\"mocked\"},{\"name\":\"https\",\"status\":\"mocked\"},{\"name\":\"net\",\"status\":\"mocked\"}]"}}
[debug] [2021-06-25T11:20:09.771Z] [runtime-status] [1236] Resolved module firebase-functions {"declared":true,"installed":true,"version":"3.14.1","resolution":"D:\\React\\amazon-clone\\functions\\node_modules\\firebase-functions\\lib\\index.js"} {"metadata":{"emulator":{"name":"functions"},"message":"[runtime-status] [1236] Resolved module firebase-functions {\"declared\":true,\"installed\":true,\"version\":\"3.14.1\",\"resolution\":\"D:\\\\React\\\\amazon-clone\\\\functions\\\\node_modules\\\\firebase-functions\\\\lib\\\\index.js\"}"}}
[debug] [2021-06-25T11:20:09.824Z] [runtime-status] [1236] Checked functions.config() {"config":{}} {"metadata":{"emulator":{"name":"functions"},"message":"[runtime-status] [1236] Checked functions.config() {\"config\":{}}"}}
[debug] [2021-06-25T11:20:09.824Z] [runtime-status] [1236] firebase-functions has been stubbed. {"functionsResolution":{"declared":true,"installed":true,"version":"3.14.1","resolution":"D:\\React\\amazon-clone\\functions\\node_modules\\firebase-functions\\lib\\index.js"}} {"metadata":{"emulator":{"name":"functions"},"message":"[runtime-status] [1236] firebase-functions has been stubbed. {\"functionsResolution\":{\"declared\":true,\"installed\":true,\"version\":\"3.14.1\",\"resolution\":\"D:\\\\React\\\\amazon-clone\\\\functions\\\\node_modules\\\\firebase-functions\\\\lib\\\\index.js\"}}"}}
[debug] [2021-06-25T11:20:09.824Z] [runtime-status] [1236] Resolved module firebase-functions {"declared":true,"installed":true,"version":"3.14.1","resolution":"D:\\React\\amazon-clone\\functions\\node_modules\\firebase-functions\\lib\\index.js"} {"metadata":{"emulator":{"name":"functions"},"message":"[runtime-status] [1236] Resolved module firebase-functions {\"declared\":true,\"installed\":true,\"version\":\"3.14.1\",\"resolution\":\"D:\\\\React\\\\amazon-clone\\\\functions\\\\node_modules\\\\firebase-functions\\\\lib\\\\index.js\"}"}}
[debug] [2021-06-25T11:20:09.825Z] [runtime-status] [1236] Resolved module firebase-admin {"declared":true,"installed":true,"version":"9.10.0","resolution":"D:\\React\\amazon-clone\\functions\\node_modules\\firebase-admin\\lib\\index.js"} {"metadata":{"emulator":{"name":"functions"},"message":"[runtime-status] [1236] Resolved module firebase-admin {\"declared\":true,\"installed\":true,\"version\":\"9.10.0\",\"resolution\":\"D:\\\\React\\\\amazon-clone\\\\functions\\\\node_modules\\\\firebase-admin\\\\lib\\\\index.js\"}"}}
[debug] [2021-06-25T11:20:09.826Z] [runtime-status] [1236] Resolved module firebase-functions {"declared":true,"installed":true,"version":"3.14.1","resolution":"D:\\React\\amazon-clone\\functions\\node_modules\\firebase-functions\\lib\\index.js"} {"metadata":{"emulator":{"name":"functions"},"message":"[runtime-status] [1236] Resolved module firebase-functions {\"declared\":true,\"installed\":true,\"version\":\"3.14.1\",\"resolution\":\"D:\\\\React\\\\amazon-clone\\\\functions\\\\node_modules\\\\firebase-functions\\\\lib\\\\index.js\"}"}}
[debug] [2021-06-25T11:20:09.826Z] [runtime-status] [1236] firebase-admin has been stubbed. {"adminResolution":{"declared":true,"installed":true,"version":"9.10.0","resolution":"D:\\React\\amazon-clone\\functions\\node_modules\\firebase-admin\\lib\\index.js"}} {"metadata":{"emulator":{"name":"functions"},"message":"[runtime-status] [1236] firebase-admin has been stubbed. {\"adminResolution\":{\"declared\":true,\"installed\":true,\"version\":\"9.10.0\",\"resolution\":\"D:\\\\React\\\\amazon-clone\\\\functions\\\\node_modules\\\\firebase-admin\\\\lib\\\\index.js\"}}"}}
[info] +  functions[us-central1-api]: http function initialized (http://localhost:5001/clone-df2a6/us-central1/api). {"metadata":{"emulator":{"name":"functions"},"message":"\u001b[1mhttp\u001b[22m function initialized (http://localhost:5001/clone-df2a6/us-central1/api)."}}
[info] 
┌─────────────────────────────────────────────────────────────┐
│ ✔  All emulators ready! It is now safe to connect your app. │
│ i  View Emulator UI at http://localhost:4000                │
└─────────────────────────────────────────────────────────────┘

┌───────────┬────────────────┬─────────────────────────────────┐
│ Emulator  │ Host:Port      │ View in Emulator UI             │
├───────────┼────────────────┼─────────────────────────────────┤
│ Functions │ localhost:5001 │ http://localhost:4000/functions │
├───────────┼────────────────┼─────────────────────────────────┤
│ Hosting   │ localhost:5000 │ n/a                             │
└───────────┴────────────────┴─────────────────────────────────┘
  Emulator Hub running at localhost:4400
  Other reserved ports: 4500

Issues? Report them at https://github.com/firebase/firebase-tools/issues and attach the *-debug.log files.
 
[debug] [2021-06-25T11:20:10.003Z] [worker-~diagnostic~-5deec50e-3373-4efd-97ff-b09dd3090e84]: IDLE {"metadata":{"emulator":{"name":"functions"},"message":"[worker-~diagnostic~-5deec50e-3373-4efd-97ff-b09dd3090e84]: IDLE"}}
[debug] [2021-06-25T11:23:04.704Z] [work-queue] {"queueLength":1,"workRunningCount":0}
[debug] [2021-06-25T11:23:04.704Z] [work-queue] {"queueLength":0,"workRunningCount":1}
[debug] [2021-06-25T11:23:04.705Z] Accepted request GET /clone-df2a6/us-central1/api --> us-central1-api
[debug] [2021-06-25T11:23:04.709Z] [worker-pool] addWorker(us-central1-api) {"metadata":{"emulator":{"name":"functions"},"message":"[worker-pool] addWorker(us-central1-api)"}}
[debug] [2021-06-25T11:23:04.709Z] [worker-pool] Adding worker with key us-central1-api, total=1 {"metadata":{"emulator":{"name":"functions"},"message":"[worker-pool] Adding worker with key us-central1-api, total=1"}}
[debug] [2021-06-25T11:23:04.709Z] [worker-pool] submitWork(triggerId=us-central1-api) {"metadata":{"emulator":{"name":"functions"},"message":"[worker-pool] submitWork(triggerId=us-central1-api)"}}
[debug] [2021-06-25T11:23:04.709Z] [worker-us-central1-api-70504c19-26bc-4eed-88bb-ab69fb81364a]: Assigning socketPath: \\?\pipe\D:\React\amazon-clone\functions\284 {"metadata":{"emulator":{"name":"functions"},"message":"[worker-us-central1-api-70504c19-26bc-4eed-88bb-ab69fb81364a]: Assigning socketPath: \\\\?\\pipe\\D:\\React\\amazon-clone\\functions\\284"}}
[debug] [2021-06-25T11:23:04.709Z] [worker-us-central1-api-70504c19-26bc-4eed-88bb-ab69fb81364a]: BUSY {"metadata":{"emulator":{"name":"functions"},"message":"[worker-us-central1-api-70504c19-26bc-4eed-88bb-ab69fb81364a]: BUSY"}}
[debug] [2021-06-25T11:23:04.917Z] [runtime-status] [284] Functions runtime initialized. {"cwd":"D:\\React\\amazon-clone\\functions","node_version":"14.12.0"} {"metadata":{"emulator":{"name":"functions"},"function":{"name":"us-central1-api"},"message":"[runtime-status] [284] Functions runtime initialized. {\"cwd\":\"D:\\\\React\\\\amazon-clone\\\\functions\",\"node_version\":\"14.12.0\"}"}}
[debug] [2021-06-25T11:23:04.919Z] [runtime-status] [284] Disabled runtime features: undefined {"metadata":{"emulator":{"name":"functions"},"function":{"name":"us-central1-api"},"message":"[runtime-status] [284] Disabled runtime features: undefined"}}
[debug] [2021-06-25T11:23:04.922Z] [runtime-status] [284] Resolved module firebase-admin {"declared":true,"installed":true,"version":"9.10.0","resolution":"D:\\React\\amazon-clone\\functions\\node_modules\\firebase-admin\\lib\\index.js"} {"metadata":{"emulator":{"name":"functions"},"function":{"name":"us-central1-api"},"message":"[runtime-status] [284] Resolved module firebase-admin {\"declared\":true,\"installed\":true,\"version\":\"9.10.0\",\"resolution\":\"D:\\\\React\\\\amazon-clone\\\\functions\\\\node_modules\\\\firebase-admin\\\\lib\\\\index.js\"}"}}
[debug] [2021-06-25T11:23:04.923Z] [runtime-status] [284] Resolved module firebase-functions {"declared":true,"installed":true,"version":"3.14.1","resolution":"D:\\React\\amazon-clone\\functions\\node_modules\\firebase-functions\\lib\\index.js"} {"metadata":{"emulator":{"name":"functions"},"function":{"name":"us-central1-api"},"message":"[runtime-status] [284] Resolved module firebase-functions {\"declared\":true,\"installed\":true,\"version\":\"3.14.1\",\"resolution\":\"D:\\\\React\\\\amazon-clone\\\\functions\\\\node_modules\\\\firebase-functions\\\\lib\\\\index.js\"}"}}
[debug] [2021-06-25T11:23:04.925Z] [runtime-status] [284] Resolved module firebase-functions {"declared":true,"installed":true,"version":"3.14.1","resolution":"D:\\React\\amazon-clone\\functions\\node_modules\\firebase-functions\\lib\\index.js"} {"metadata":{"emulator":{"name":"functions"},"function":{"name":"us-central1-api"},"message":"[runtime-status] [284] Resolved module firebase-functions {\"declared\":true,\"installed\":true,\"version\":\"3.14.1\",\"resolution\":\"D:\\\\React\\\\amazon-clone\\\\functions\\\\node_modules\\\\firebase-functions\\\\lib\\\\index.js\"}"}}
[debug] [2021-06-25T11:23:04.926Z] [runtime-status] [284] Outgoing network have been stubbed. [{"name":"http","status":"mocked"},{"name":"http","status":"mocked"},{"name":"https","status":"mocked"},{"name":"https","status":"mocked"},{"name":"net","status":"mocked"}] {"metadata":{"emulator":{"name":"functions"},"function":{"name":"us-central1-api"},"message":"[runtime-status] [284] Outgoing network have been stubbed. [{\"name\":\"http\",\"status\":\"mocked\"},{\"name\":\"http\",\"status\":\"mocked\"},{\"name\":\"https\",\"status\":\"mocked\"},{\"name\":\"https\",\"status\":\"mocked\"},{\"name\":\"net\",\"status\":\"mocked\"}]"}}
[debug] [2021-06-25T11:23:04.927Z] [runtime-status] [284] Resolved module firebase-functions {"declared":true,"installed":true,"version":"3.14.1","resolution":"D:\\React\\amazon-clone\\functions\\node_modules\\firebase-functions\\lib\\index.js"} {"metadata":{"emulator":{"name":"functions"},"function":{"name":"us-central1-api"},"message":"[runtime-status] [284] Resolved module firebase-functions {\"declared\":true,\"installed\":true,\"version\":\"3.14.1\",\"resolution\":\"D:\\\\React\\\\amazon-clone\\\\functions\\\\node_modules\\\\firebase-functions\\\\lib\\\\index.js\"}"}}
[debug] [2021-06-25T11:23:04.972Z] [runtime-status] [284] Checked functions.config() {"config":{}} {"metadata":{"emulator":{"name":"functions"},"function":{"name":"us-central1-api"},"message":"[runtime-status] [284] Checked functions.config() {\"config\":{}}"}}
[debug] [2021-06-25T11:23:04.972Z] [runtime-status] [284] firebase-functions has been stubbed. {"functionsResolution":{"declared":true,"installed":true,"version":"3.14.1","resolution":"D:\\React\\amazon-clone\\functions\\node_modules\\firebase-functions\\lib\\index.js"}} {"metadata":{"emulator":{"name":"functions"},"function":{"name":"us-central1-api"},"message":"[runtime-status] [284] firebase-functions has been stubbed. {\"functionsResolution\":{\"declared\":true,\"installed\":true,\"version\":\"3.14.1\",\"resolution\":\"D:\\\\React\\\\amazon-clone\\\\functions\\\\node_modules\\\\firebase-functions\\\\lib\\\\index.js\"}}"}}
[debug] [2021-06-25T11:23:04.973Z] [runtime-status] [284] Resolved module firebase-functions {"declared":true,"installed":true,"version":"3.14.1","resolution":"D:\\React\\amazon-clone\\functions\\node_modules\\firebase-functions\\lib\\index.js"} {"metadata":{"emulator":{"name":"functions"},"function":{"name":"us-central1-api"},"message":"[runtime-status] [284] Resolved module firebase-functions {\"declared\":true,\"installed\":true,\"version\":\"3.14.1\",\"resolution\":\"D:\\\\React\\\\amazon-clone\\\\functions\\\\node_modules\\\\firebase-functions\\\\lib\\\\index.js\"}"}}
[debug] [2021-06-25T11:23:04.974Z] [runtime-status] [284] Resolved module firebase-admin {"declared":true,"installed":true,"version":"9.10.0","resolution":"D:\\React\\amazon-clone\\functions\\node_modules\\firebase-admin\\lib\\index.js"} {"metadata":{"emulator":{"name":"functions"},"function":{"name":"us-central1-api"},"message":"[runtime-status] [284] Resolved module firebase-admin {\"declared\":true,\"installed\":true,\"version\":\"9.10.0\",\"resolution\":\"D:\\\\React\\\\amazon-clone\\\\functions\\\\node_modules\\\\firebase-admin\\\\lib\\\\index.js\"}"}}
[debug] [2021-06-25T11:23:04.974Z] [runtime-status] [284] Resolved module firebase-functions {"declared":true,"installed":true,"version":"3.14.1","resolution":"D:\\React\\amazon-clone\\functions\\node_modules\\firebase-functions\\lib\\index.js"} {"metadata":{"emulator":{"name":"functions"},"function":{"name":"us-central1-api"},"message":"[runtime-status] [284] Resolved module firebase-functions {\"declared\":true,\"installed\":true,\"version\":\"3.14.1\",\"resolution\":\"D:\\\\React\\\\amazon-clone\\\\functions\\\\node_modules\\\\firebase-functions\\\\lib\\\\index.js\"}"}}
[debug] [2021-06-25T11:23:04.974Z] [runtime-status] [284] firebase-admin has been stubbed. {"adminResolution":{"declared":true,"installed":true,"version":"9.10.0","resolution":"D:\\React\\amazon-clone\\functions\\node_modules\\firebase-admin\\lib\\index.js"}} {"metadata":{"emulator":{"name":"functions"},"function":{"name":"us-central1-api"},"message":"[runtime-status] [284] firebase-admin has been stubbed. {\"adminResolution\":{\"declared\":true,\"installed\":true,\"version\":\"9.10.0\",\"resolution\":\"D:\\\\React\\\\amazon-clone\\\\functions\\\\node_modules\\\\firebase-admin\\\\lib\\\\index.js\"}}"}}
[debug] [2021-06-25T11:23:05.115Z] [runtime-status] [284] Trigger "us-central1-api" has been found, beginning invocation! {"metadata":{"emulator":{"name":"functions"},"function":{"name":"us-central1-api"},"message":"[runtime-status] [284] Trigger \"us-central1-api\" has been found, beginning invocation!"}}
[info] i  functions: Beginning execution of "us-central1-api" {"metadata":{"emulator":{"name":"functions"},"function":{"name":"us-central1-api"},"message":"Beginning execution of \"us-central1-api\""}}
[debug] [2021-06-25T11:23:05.116Z] [runtime-status] [284] triggerDefinition {"httpsTrigger":{},"name":"api","entryPoint":"api","regions":["us-central1"],"region":"us-central1","id":"us-central1-api"} {"metadata":{"emulator":{"name":"functions"},"function":{"name":"us-central1-api"},"message":"[runtime-status] [284] triggerDefinition {\"httpsTrigger\":{},\"name\":\"api\",\"entryPoint\":\"api\",\"regions\":[\"us-central1\"],\"region\":\"us-central1\",\"id\":\"us-central1-api\"}"}}
[debug] [2021-06-25T11:23:05.116Z] [runtime-status] [284] Running us-central1-api in mode HTTPS {"metadata":{"emulator":{"name":"functions"},"function":{"name":"us-central1-api"},"message":"[runtime-status] [284] Running us-central1-api in mode HTTPS"}}
[debug] [2021-06-25T11:23:05.119Z] [runtime-status] [284] Attempting to listen to socketPath: \\?\pipe\D:\React\amazon-clone\functions\284 {"metadata":{"emulator":{"name":"functions"},"function":{"name":"us-central1-api"},"message":"[runtime-status] [284] Attempting to listen to socketPath: \\\\?\\pipe\\D:\\React\\amazon-clone\\functions\\284"}}
[debug] [2021-06-25T11:23:05.129Z] [functions] Runtime ready! Sending request! {"metadata":{"emulator":{"name":"functions"},"message":"[functions] Runtime ready! Sending request!"}}
[debug] [2021-06-25T11:23:05.130Z] [functions] Got req.url=/clone-df2a6/us-central1/api, mapping to path=/ {"metadata":{"emulator":{"name":"functions"},"message":"[functions] Got req.url=/clone-df2a6/us-central1/api, mapping to path=/"}}
[debug] [2021-06-25T11:23:05.139Z] [runtime-status] [284] Ephemeral server handling GET request {"metadata":{"emulator":{"name":"functions"},"function":{"name":"us-central1-api"},"message":"[runtime-status] [284] Ephemeral server handling GET request"}}
[debug] [2021-06-25T11:23:05.145Z] [runtime-status] [284] Ephemeral server survived. {"metadata":{"emulator":{"name":"functions"},"function":{"name":"us-central1-api"},"message":"[runtime-status] [284] Ephemeral server survived."}}
[info] i  functions: Finished "us-central1-api" in ~1s {"metadata":{"emulator":{"name":"functions"},"function":{"name":"us-central1-api"},"message":"Finished \"us-central1-api\" in ~1s"}}
[debug] [2021-06-25T11:23:05.152Z] [worker-us-central1-api-70504c19-26bc-4eed-88bb-ab69fb81364a]: IDLE {"metadata":{"emulator":{"name":"functions"},"message":"[worker-us-central1-api-70504c19-26bc-4eed-88bb-ab69fb81364a]: IDLE"}}
[debug] [2021-06-25T11:23:05.152Z] [work-queue] {"queueLength":0,"workRunningCount":0}
[debug] [2021-06-25T11:23:05.199Z] Functions emulator received unknown request at path /favicon.ico
[debug] [2021-06-25T11:45:50.840Z] File D:\React\amazon-clone\functions\index.js changed, reloading triggers {"metadata":{"emulator":{"name":"functions"},"message":"File D:\\React\\amazon-clone\\functions\\index.js changed, reloading triggers"}}
[debug] [2021-06-25T11:45:51.845Z] [worker-pool] Shutting down IDLE worker (~diagnostic~) {"metadata":{"emulator":{"name":"functions"},"message":"[worker-pool] Shutting down IDLE worker (~diagnostic~)"}}
[debug] [2021-06-25T11:45:51.845Z] [worker-~diagnostic~-5deec50e-3373-4efd-97ff-b09dd3090e84]: FINISHING {"metadata":{"emulator":{"name":"functions"},"message":"[worker-~diagnostic~-5deec50e-3373-4efd-97ff-b09dd3090e84]: FINISHING"}}
[debug] [2021-06-25T11:45:51.846Z] [worker-pool] Shutting down IDLE worker (us-central1-api) {"metadata":{"emulator":{"name":"functions"},"message":"[worker-pool] Shutting down IDLE worker (us-central1-api)"}}
[debug] [2021-06-25T11:45:51.846Z] [worker-us-central1-api-70504c19-26bc-4eed-88bb-ab69fb81364a]: FINISHING {"metadata":{"emulator":{"name":"functions"},"message":"[worker-us-central1-api-70504c19-26bc-4eed-88bb-ab69fb81364a]: FINISHING"}}
[debug] [2021-06-25T11:45:51.853Z] [worker-pool] addWorker(~diagnostic~) {"metadata":{"emulator":{"name":"functions"},"message":"[worker-pool] addWorker(~diagnostic~)"}}
[debug] [2021-06-25T11:45:51.853Z] [worker-pool] Adding worker with key ~diagnostic~, total=2 {"metadata":{"emulator":{"name":"functions"},"message":"[worker-pool] Adding worker with key ~diagnostic~, total=2"}}
[debug] [2021-06-25T11:45:51.854Z] [worker-pool] submitWork(triggerId=) {"metadata":{"emulator":{"name":"functions"},"message":"[worker-pool] submitWork(triggerId=)"}}
[debug] [2021-06-25T11:45:51.854Z] [worker-~diagnostic~-48ddb6b2-9b68-4dc9-9903-4b1470a326d3]: Assigning socketPath: \\?\pipe\D:\React\amazon-clone\functions\6964 {"metadata":{"emulator":{"name":"functions"},"message":"[worker-~diagnostic~-48ddb6b2-9b68-4dc9-9903-4b1470a326d3]: Assigning socketPath: \\\\?\\pipe\\D:\\React\\amazon-clone\\functions\\6964"}}
[debug] [2021-06-25T11:45:51.854Z] [worker-~diagnostic~-48ddb6b2-9b68-4dc9-9903-4b1470a326d3]: BUSY {"metadata":{"emulator":{"name":"functions"},"message":"[worker-~diagnostic~-48ddb6b2-9b68-4dc9-9903-4b1470a326d3]: BUSY"}}
[debug] [2021-06-25T11:45:51.855Z] [worker-us-central1-api-70504c19-26bc-4eed-88bb-ab69fb81364a]: exited {"metadata":{"emulator":{"name":"functions"},"message":"[worker-us-central1-api-70504c19-26bc-4eed-88bb-ab69fb81364a]: exited"}}
[debug] [2021-06-25T11:45:51.856Z] [worker-us-central1-api-70504c19-26bc-4eed-88bb-ab69fb81364a]: FINISHED {"metadata":{"emulator":{"name":"functions"},"message":"[worker-us-central1-api-70504c19-26bc-4eed-88bb-ab69fb81364a]: FINISHED"}}
[debug] [2021-06-25T11:45:51.856Z] [worker-~diagnostic~-5deec50e-3373-4efd-97ff-b09dd3090e84]: exited {"metadata":{"emulator":{"name":"functions"},"message":"[worker-~diagnostic~-5deec50e-3373-4efd-97ff-b09dd3090e84]: exited"}}
[debug] [2021-06-25T11:45:51.856Z] [worker-~diagnostic~-5deec50e-3373-4efd-97ff-b09dd3090e84]: FINISHED {"metadata":{"emulator":{"name":"functions"},"message":"[worker-~diagnostic~-5deec50e-3373-4efd-97ff-b09dd3090e84]: FINISHED"}}
[debug] [2021-06-25T11:45:52.085Z] [runtime-status] [6964] Functions runtime initialized. {"cwd":"D:\\React\\amazon-clone\\functions","node_version":"14.12.0"} {"metadata":{"emulator":{"name":"functions"},"message":"[runtime-status] [6964] Functions runtime initialized. {\"cwd\":\"D:\\\\React\\\\amazon-clone\\\\functions\",\"node_version\":\"14.12.0\"}"}}
[debug] [2021-06-25T11:45:52.087Z] [runtime-status] [6964] Disabled runtime features: undefined {"metadata":{"emulator":{"name":"functions"},"message":"[runtime-status] [6964] Disabled runtime features: undefined"}}
[debug] [2021-06-25T11:45:52.092Z] [runtime-status] [6964] Resolved module firebase-admin {"declared":true,"installed":true,"version":"9.10.0","resolution":"D:\\React\\amazon-clone\\functions\\node_modules\\firebase-admin\\lib\\index.js"} {"metadata":{"emulator":{"name":"functions"},"message":"[runtime-status] [6964] Resolved module firebase-admin {\"declared\":true,\"installed\":true,\"version\":\"9.10.0\",\"resolution\":\"D:\\\\React\\\\amazon-clone\\\\functions\\\\node_modules\\\\firebase-admin\\\\lib\\\\index.js\"}"}}
[debug] [2021-06-25T11:45:52.094Z] [runtime-status] [6964] Resolved module firebase-functions {"declared":true,"installed":true,"version":"3.14.1","resolution":"D:\\React\\amazon-clone\\functions\\node_modules\\firebase-functions\\lib\\index.js"} {"metadata":{"emulator":{"name":"functions"},"message":"[runtime-status] [6964] Resolved module firebase-functions {\"declared\":true,\"installed\":true,\"version\":\"3.14.1\",\"resolution\":\"D:\\\\React\\\\amazon-clone\\\\functions\\\\node_modules\\\\firebase-functions\\\\lib\\\\index.js\"}"}}
[debug] [2021-06-25T11:45:52.095Z] [runtime-status] [6964] Resolved module firebase-functions {"declared":true,"installed":true,"version":"3.14.1","resolution":"D:\\React\\amazon-clone\\functions\\node_modules\\firebase-functions\\lib\\index.js"} {"metadata":{"emulator":{"name":"functions"},"message":"[runtime-status] [6964] Resolved module firebase-functions {\"declared\":true,\"installed\":true,\"version\":\"3.14.1\",\"resolution\":\"D:\\\\React\\\\amazon-clone\\\\functions\\\\node_modules\\\\firebase-functions\\\\lib\\\\index.js\"}"}}
[debug] [2021-06-25T11:45:52.096Z] [runtime-status] [6964] Outgoing network have been stubbed. [{"name":"http","status":"mocked"},{"name":"http","status":"mocked"},{"name":"https","status":"mocked"},{"name":"https","status":"mocked"},{"name":"net","status":"mocked"}] {"metadata":{"emulator":{"name":"functions"},"message":"[runtime-status] [6964] Outgoing network have been stubbed. [{\"name\":\"http\",\"status\":\"mocked\"},{\"name\":\"http\",\"status\":\"mocked\"},{\"name\":\"https\",\"status\":\"mocked\"},{\"name\":\"https\",\"status\":\"mocked\"},{\"name\":\"net\",\"status\":\"mocked\"}]"}}
[debug] [2021-06-25T11:45:52.097Z] [runtime-status] [6964] Resolved module firebase-functions {"declared":true,"installed":true,"version":"3.14.1","resolution":"D:\\React\\amazon-clone\\functions\\node_modules\\firebase-functions\\lib\\index.js"} {"metadata":{"emulator":{"name":"functions"},"message":"[runtime-status] [6964] Resolved module firebase-functions {\"declared\":true,\"installed\":true,\"version\":\"3.14.1\",\"resolution\":\"D:\\\\React\\\\amazon-clone\\\\functions\\\\node_modules\\\\firebase-functions\\\\lib\\\\index.js\"}"}}
[debug] [2021-06-25T11:45:52.147Z] [runtime-status] [6964] Checked functions.config() {"config":{}} {"metadata":{"emulator":{"name":"functions"},"message":"[runtime-status] [6964] Checked functions.config() {\"config\":{}}"}}
[debug] [2021-06-25T11:45:52.148Z] [runtime-status] [6964] firebase-functions has been stubbed. {"functionsResolution":{"declared":true,"installed":true,"version":"3.14.1","resolution":"D:\\React\\amazon-clone\\functions\\node_modules\\firebase-functions\\lib\\index.js"}} {"metadata":{"emulator":{"name":"functions"},"message":"[runtime-status] [6964] firebase-functions has been stubbed. {\"functionsResolution\":{\"declared\":true,\"installed\":true,\"version\":\"3.14.1\",\"resolution\":\"D:\\\\React\\\\amazon-clone\\\\functions\\\\node_modules\\\\firebase-functions\\\\lib\\\\index.js\"}}"}}
[debug] [2021-06-25T11:45:52.148Z] [runtime-status] [6964] Resolved module firebase-functions {"declared":true,"installed":true,"version":"3.14.1","resolution":"D:\\React\\amazon-clone\\functions\\node_modules\\firebase-functions\\lib\\index.js"} {"metadata":{"emulator":{"name":"functions"},"message":"[runtime-status] [6964] Resolved module firebase-functions {\"declared\":true,\"installed\":true,\"version\":\"3.14.1\",\"resolution\":\"D:\\\\React\\\\amazon-clone\\\\functions\\\\node_modules\\\\firebase-functions\\\\lib\\\\index.js\"}"}}
[debug] [2021-06-25T11:45:52.149Z] [runtime-status] [6964] Resolved module firebase-admin {"declared":true,"installed":true,"version":"9.10.0","resolution":"D:\\React\\amazon-clone\\functions\\node_modules\\firebase-admin\\lib\\index.js"} {"metadata":{"emulator":{"name":"functions"},"message":"[runtime-status] [6964] Resolved module firebase-admin {\"declared\":true,\"installed\":true,\"version\":\"9.10.0\",\"resolution\":\"D:\\\\React\\\\amazon-clone\\\\functions\\\\node_modules\\\\firebase-admin\\\\lib\\\\index.js\"}"}}
[debug] [2021-06-25T11:45:52.150Z] [runtime-status] [6964] Resolved module firebase-functions {"declared":true,"installed":true,"version":"3.14.1","resolution":"D:\\React\\amazon-clone\\functions\\node_modules\\firebase-functions\\lib\\index.js"} {"metadata":{"emulator":{"name":"functions"},"message":"[runtime-status] [6964] Resolved module firebase-functions {\"declared\":true,\"installed\":true,\"version\":\"3.14.1\",\"resolution\":\"D:\\\\React\\\\amazon-clone\\\\functions\\\\node_modules\\\\firebase-functions\\\\lib\\\\index.js\"}"}}
[debug] [2021-06-25T11:45:52.150Z] [runtime-status] [6964] firebase-admin has been stubbed. {"adminResolution":{"declared":true,"installed":true,"version":"9.10.0","resolution":"D:\\React\\amazon-clone\\functions\\node_modules\\firebase-admin\\lib\\index.js"}} {"metadata":{"emulator":{"name":"functions"},"message":"[runtime-status] [6964] firebase-admin has been stubbed. {\"adminResolution\":{\"declared\":true,\"installed\":true,\"version\":\"9.10.0\",\"resolution\":\"D:\\\\React\\\\amazon-clone\\\\functions\\\\node_modules\\\\firebase-admin\\\\lib\\\\index.js\"}}"}}
[debug] [2021-06-25T11:45:52.326Z] [worker-~diagnostic~-48ddb6b2-9b68-4dc9-9903-4b1470a326d3]: IDLE {"metadata":{"emulator":{"name":"functions"},"message":"[worker-~diagnostic~-48ddb6b2-9b68-4dc9-9903-4b1470a326d3]: IDLE"}}
[debug] [2021-06-25T11:49:07.430Z] File D:\React\amazon-clone\functions\index.js changed, reloading triggers {"metadata":{"emulator":{"name":"functions"},"message":"File D:\\React\\amazon-clone\\functions\\index.js changed, reloading triggers"}}
[debug] [2021-06-25T11:49:08.442Z] [worker-pool] Shutting down IDLE worker (~diagnostic~) {"metadata":{"emulator":{"name":"functions"},"message":"[worker-pool] Shutting down IDLE worker (~diagnostic~)"}}
[debug] [2021-06-25T11:49:08.443Z] [worker-~diagnostic~-48ddb6b2-9b68-4dc9-9903-4b1470a326d3]: FINISHING {"metadata":{"emulator":{"name":"functions"},"message":"[worker-~diagnostic~-48ddb6b2-9b68-4dc9-9903-4b1470a326d3]: FINISHING"}}
[debug] [2021-06-25T11:49:08.443Z] [worker-pool] Cleaned up workers for ~diagnostic~: 2 --> 1 {"metadata":{"emulator":{"name":"functions"},"message":"[worker-pool] Cleaned up workers for ~diagnostic~: 2 --> 1"}}
[debug] [2021-06-25T11:49:08.443Z] [worker-pool] Cleaned up workers for us-central1-api: 1 --> 0 {"metadata":{"emulator":{"name":"functions"},"message":"[worker-pool] Cleaned up workers for us-central1-api: 1 --> 0"}}
[debug] [2021-06-25T11:49:08.451Z] [worker-pool] addWorker(~diagnostic~) {"metadata":{"emulator":{"name":"functions"},"message":"[worker-pool] addWorker(~diagnostic~)"}}
[debug] [2021-06-25T11:49:08.451Z] [worker-pool] Adding worker with key ~diagnostic~, total=2 {"metadata":{"emulator":{"name":"functions"},"message":"[worker-pool] Adding worker with key ~diagnostic~, total=2"}}
[debug] [2021-06-25T11:49:08.452Z] [worker-pool] submitWork(triggerId=) {"metadata":{"emulator":{"name":"functions"},"message":"[worker-pool] submitWork(triggerId=)"}}
[debug] [2021-06-25T11:49:08.452Z] [worker-~diagnostic~-6f8bdcb7-2701-440f-933a-2947149bf477]: Assigning socketPath: \\?\pipe\D:\React\amazon-clone\functions\19896 {"metadata":{"emulator":{"name":"functions"},"message":"[worker-~diagnostic~-6f8bdcb7-2701-440f-933a-2947149bf477]: Assigning socketPath: \\\\?\\pipe\\D:\\React\\amazon-clone\\functions\\19896"}}
[debug] [2021-06-25T11:49:08.452Z] [worker-~diagnostic~-6f8bdcb7-2701-440f-933a-2947149bf477]: BUSY {"metadata":{"emulator":{"name":"functions"},"message":"[worker-~diagnostic~-6f8bdcb7-2701-440f-933a-2947149bf477]: BUSY"}}
[debug] [2021-06-25T11:49:08.452Z] [worker-~diagnostic~-48ddb6b2-9b68-4dc9-9903-4b1470a326d3]: exited {"metadata":{"emulator":{"name":"functions"},"message":"[worker-~diagnostic~-48ddb6b2-9b68-4dc9-9903-4b1470a326d3]: exited"}}
[debug] [2021-06-25T11:49:08.452Z] [worker-~diagnostic~-48ddb6b2-9b68-4dc9-9903-4b1470a326d3]: FINISHED {"metadata":{"emulator":{"name":"functions"},"message":"[worker-~diagnostic~-48ddb6b2-9b68-4dc9-9903-4b1470a326d3]: FINISHED"}}
[debug] [2021-06-25T11:49:08.679Z] [runtime-status] [19896] Functions runtime initialized. {"cwd":"D:\\React\\amazon-clone\\functions","node_version":"14.12.0"} {"metadata":{"emulator":{"name":"functions"},"message":"[runtime-status] [19896] Functions runtime initialized. {\"cwd\":\"D:\\\\React\\\\amazon-clone\\\\functions\",\"node_version\":\"14.12.0\"}"}}
[debug] [2021-06-25T11:49:08.684Z] [runtime-status] [19896] Disabled runtime features: undefined {"metadata":{"emulator":{"name":"functions"},"message":"[runtime-status] [19896] Disabled runtime features: undefined"}}
[debug] [2021-06-25T11:49:08.687Z] [runtime-status] [19896] Resolved module firebase-admin {"declared":true,"installed":true,"version":"9.10.0","resolution":"D:\\React\\amazon-clone\\functions\\node_modules\\firebase-admin\\lib\\index.js"} {"metadata":{"emulator":{"name":"functions"},"message":"[runtime-status] [19896] Resolved module firebase-admin {\"declared\":true,\"installed\":true,\"version\":\"9.10.0\",\"resolution\":\"D:\\\\React\\\\amazon-clone\\\\functions\\\\node_modules\\\\firebase-admin\\\\lib\\\\index.js\"}"}}
[debug] [2021-06-25T11:49:08.688Z] [runtime-status] [19896] Resolved module firebase-functions {"declared":true,"installed":true,"version":"3.14.1","resolution":"D:\\React\\amazon-clone\\functions\\node_modules\\firebase-functions\\lib\\index.js"} {"metadata":{"emulator":{"name":"functions"},"message":"[runtime-status] [19896] Resolved module firebase-functions {\"declared\":true,\"installed\":true,\"version\":\"3.14.1\",\"resolution\":\"D:\\\\React\\\\amazon-clone\\\\functions\\\\node_modules\\\\firebase-functions\\\\lib\\\\index.js\"}"}}
[debug] [2021-06-25T11:49:08.690Z] [runtime-status] [19896] Resolved module firebase-functions {"declared":true,"installed":true,"version":"3.14.1","resolution":"D:\\React\\amazon-clone\\functions\\node_modules\\firebase-functions\\lib\\index.js"} {"metadata":{"emulator":{"name":"functions"},"message":"[runtime-status] [19896] Resolved module firebase-functions {\"declared\":true,\"installed\":true,\"version\":\"3.14.1\",\"resolution\":\"D:\\\\React\\\\amazon-clone\\\\functions\\\\node_modules\\\\firebase-functions\\\\lib\\\\index.js\"}"}}
[debug] [2021-06-25T11:49:08.691Z] [runtime-status] [19896] Outgoing network have been stubbed. [{"name":"http","status":"mocked"},{"name":"http","status":"mocked"},{"name":"https","status":"mocked"},{"name":"https","status":"mocked"},{"name":"net","status":"mocked"}] {"metadata":{"emulator":{"name":"functions"},"message":"[runtime-status] [19896] Outgoing network have been stubbed. [{\"name\":\"http\",\"status\":\"mocked\"},{\"name\":\"http\",\"status\":\"mocked\"},{\"name\":\"https\",\"status\":\"mocked\"},{\"name\":\"https\",\"status\":\"mocked\"},{\"name\":\"net\",\"status\":\"mocked\"}]"}}
[debug] [2021-06-25T11:49:08.692Z] [runtime-status] [19896] Resolved module firebase-functions {"declared":true,"installed":true,"version":"3.14.1","resolution":"D:\\React\\amazon-clone\\functions\\node_modules\\firebase-functions\\lib\\index.js"} {"metadata":{"emulator":{"name":"functions"},"message":"[runtime-status] [19896] Resolved module firebase-functions {\"declared\":true,\"installed\":true,\"version\":\"3.14.1\",\"resolution\":\"D:\\\\React\\\\amazon-clone\\\\functions\\\\node_modules\\\\firebase-functions\\\\lib\\\\index.js\"}"}}
[debug] [2021-06-25T11:49:08.739Z] [runtime-status] [19896] Checked functions.config() {"config":{}} {"metadata":{"emulator":{"name":"functions"},"message":"[runtime-status] [19896] Checked functions.config() {\"config\":{}}"}}
[debug] [2021-06-25T11:49:08.739Z] [runtime-status] [19896] firebase-functions has been stubbed. {"functionsResolution":{"declared":true,"installed":true,"version":"3.14.1","resolution":"D:\\React\\amazon-clone\\functions\\node_modules\\firebase-functions\\lib\\index.js"}} {"metadata":{"emulator":{"name":"functions"},"message":"[runtime-status] [19896] firebase-functions has been stubbed. {\"functionsResolution\":{\"declared\":true,\"installed\":true,\"version\":\"3.14.1\",\"resolution\":\"D:\\\\React\\\\amazon-clone\\\\functions\\\\node_modules\\\\firebase-functions\\\\lib\\\\index.js\"}}"}}
[debug] [2021-06-25T11:49:08.739Z] [runtime-status] [19896] Resolved module firebase-functions {"declared":true,"installed":true,"version":"3.14.1","resolution":"D:\\React\\amazon-clone\\functions\\node_modules\\firebase-functions\\lib\\index.js"} {"metadata":{"emulator":{"name":"functions"},"message":"[runtime-status] [19896] Resolved module firebase-functions {\"declared\":true,\"installed\":true,\"version\":\"3.14.1\",\"resolution\":\"D:\\\\React\\\\amazon-clone\\\\functions\\\\node_modules\\\\firebase-functions\\\\lib\\\\index.js\"}"}}
[debug] [2021-06-25T11:49:08.741Z] [runtime-status] [19896] Resolved module firebase-admin {"declared":true,"installed":true,"version":"9.10.0","resolution":"D:\\React\\amazon-clone\\functions\\node_modules\\firebase-admin\\lib\\index.js"} {"metadata":{"emulator":{"name":"functions"},"message":"[runtime-status] [19896] Resolved module firebase-admin {\"declared\":true,\"installed\":true,\"version\":\"9.10.0\",\"resolution\":\"D:\\\\React\\\\amazon-clone\\\\functions\\\\node_modules\\\\firebase-admin\\\\lib\\\\index.js\"}"}}
[debug] [2021-06-25T11:49:08.741Z] [runtime-status] [19896] Resolved module firebase-functions {"declared":true,"installed":true,"version":"3.14.1","resolution":"D:\\React\\amazon-clone\\functions\\node_modules\\firebase-functions\\lib\\index.js"} {"metadata":{"emulator":{"name":"functions"},"message":"[runtime-status] [19896] Resolved module firebase-functions {\"declared\":true,\"installed\":true,\"version\":\"3.14.1\",\"resolution\":\"D:\\\\React\\\\amazon-clone\\\\functions\\\\node_modules\\\\firebase-functions\\\\lib\\\\index.js\"}"}}
[debug] [2021-06-25T11:49:08.742Z] [runtime-status] [19896] firebase-admin has been stubbed. {"adminResolution":{"declared":true,"installed":true,"version":"9.10.0","resolution":"D:\\React\\amazon-clone\\functions\\node_modules\\firebase-admin\\lib\\index.js"}} {"metadata":{"emulator":{"name":"functions"},"message":"[runtime-status] [19896] firebase-admin has been stubbed. {\"adminResolution\":{\"declared\":true,\"installed\":true,\"version\":\"9.10.0\",\"resolution\":\"D:\\\\React\\\\amazon-clone\\\\functions\\\\node_modules\\\\firebase-admin\\\\lib\\\\index.js\"}}"}}
[debug] [2021-06-25T11:49:08.891Z] [worker-~diagnostic~-6f8bdcb7-2701-440f-933a-2947149bf477]: IDLE {"metadata":{"emulator":{"name":"functions"},"message":"[worker-~diagnostic~-6f8bdcb7-2701-440f-933a-2947149bf477]: IDLE"}}
[debug] [2021-06-25T11:49:09.457Z] File D:\React\amazon-clone\functions\index.js changed, reloading triggers {"metadata":{"emulator":{"name":"functions"},"message":"File D:\\React\\amazon-clone\\functions\\index.js changed, reloading triggers"}}
[debug] [2021-06-25T11:49:10.472Z] [worker-pool] Shutting down IDLE worker (~diagnostic~) {"metadata":{"emulator":{"name":"functions"},"message":"[worker-pool] Shutting down IDLE worker (~diagnostic~)"}}
[debug] [2021-06-25T11:49:10.472Z] [worker-~diagnostic~-6f8bdcb7-2701-440f-933a-2947149bf477]: FINISHING {"metadata":{"emulator":{"name":"functions"},"message":"[worker-~diagnostic~-6f8bdcb7-2701-440f-933a-2947149bf477]: FINISHING"}}
[debug] [2021-06-25T11:49:10.473Z] [worker-pool] Cleaned up workers for ~diagnostic~: 2 --> 1 {"metadata":{"emulator":{"name":"functions"},"message":"[worker-pool] Cleaned up workers for ~diagnostic~: 2 --> 1"}}
[debug] [2021-06-25T11:49:10.485Z] [worker-pool] addWorker(~diagnostic~) {"metadata":{"emulator":{"name":"functions"},"message":"[worker-pool] addWorker(~diagnostic~)"}}
[debug] [2021-06-25T11:49:10.485Z] [worker-pool] Adding worker with key ~diagnostic~, total=2 {"metadata":{"emulator":{"name":"functions"},"message":"[worker-pool] Adding worker with key ~diagnostic~, total=2"}}
[debug] [2021-06-25T11:49:10.485Z] [worker-pool] submitWork(triggerId=) {"metadata":{"emulator":{"name":"functions"},"message":"[worker-pool] submitWork(triggerId=)"}}
[debug] [2021-06-25T11:49:10.486Z] [worker-~diagnostic~-555c344d-fc43-472d-ae7b-e23ac401f430]: Assigning socketPath: \\?\pipe\D:\React\amazon-clone\functions\21320 {"metadata":{"emulator":{"name":"functions"},"message":"[worker-~diagnostic~-555c344d-fc43-472d-ae7b-e23ac401f430]: Assigning socketPath: \\\\?\\pipe\\D:\\React\\amazon-clone\\functions\\21320"}}
[debug] [2021-06-25T11:49:10.486Z] [worker-~diagnostic~-555c344d-fc43-472d-ae7b-e23ac401f430]: BUSY {"metadata":{"emulator":{"name":"functions"},"message":"[worker-~diagnostic~-555c344d-fc43-472d-ae7b-e23ac401f430]: BUSY"}}
[debug] [2021-06-25T11:49:10.488Z] [worker-~diagnostic~-6f8bdcb7-2701-440f-933a-2947149bf477]: exited {"metadata":{"emulator":{"name":"functions"},"message":"[worker-~diagnostic~-6f8bdcb7-2701-440f-933a-2947149bf477]: exited"}}
[debug] [2021-06-25T11:49:10.488Z] [worker-~diagnostic~-6f8bdcb7-2701-440f-933a-2947149bf477]: FINISHED {"metadata":{"emulator":{"name":"functions"},"message":"[worker-~diagnostic~-6f8bdcb7-2701-440f-933a-2947149bf477]: FINISHED"}}
[debug] [2021-06-25T11:49:10.696Z] [runtime-status] [21320] Functions runtime initialized. {"cwd":"D:\\React\\amazon-clone\\functions","node_version":"14.12.0"} {"metadata":{"emulator":{"name":"functions"},"message":"[runtime-status] [21320] Functions runtime initialized. {\"cwd\":\"D:\\\\React\\\\amazon-clone\\\\functions\",\"node_version\":\"14.12.0\"}"}}
[debug] [2021-06-25T11:49:10.702Z] [runtime-status] [21320] Disabled runtime features: undefined {"metadata":{"emulator":{"name":"functions"},"message":"[runtime-status] [21320] Disabled runtime features: undefined"}}
[debug] [2021-06-25T11:49:10.707Z] [runtime-status] [21320] Resolved module firebase-admin {"declared":true,"installed":true,"version":"9.10.0","resolution":"D:\\React\\amazon-clone\\functions\\node_modules\\firebase-admin\\lib\\index.js"} {"metadata":{"emulator":{"name":"functions"},"message":"[runtime-status] [21320] Resolved module firebase-admin {\"declared\":true,\"installed\":true,\"version\":\"9.10.0\",\"resolution\":\"D:\\\\React\\\\amazon-clone\\\\functions\\\\node_modules\\\\firebase-admin\\\\lib\\\\index.js\"}"}}
[debug] [2021-06-25T11:49:10.708Z] [runtime-status] [21320] Resolved module firebase-functions {"declared":true,"installed":true,"version":"3.14.1","resolution":"D:\\React\\amazon-clone\\functions\\node_modules\\firebase-functions\\lib\\index.js"} {"metadata":{"emulator":{"name":"functions"},"message":"[runtime-status] [21320] Resolved module firebase-functions {\"declared\":true,\"installed\":true,\"version\":\"3.14.1\",\"resolution\":\"D:\\\\React\\\\amazon-clone\\\\functions\\\\node_modules\\\\firebase-functions\\\\lib\\\\index.js\"}"}}
[debug] [2021-06-25T11:49:10.709Z] [runtime-status] [21320] Resolved module firebase-functions {"declared":true,"installed":true,"version":"3.14.1","resolution":"D:\\React\\amazon-clone\\functions\\node_modules\\firebase-functions\\lib\\index.js"} {"metadata":{"emulator":{"name":"functions"},"message":"[runtime-status] [21320] Resolved module firebase-functions {\"declared\":true,\"installed\":true,\"version\":\"3.14.1\",\"resolution\":\"D:\\\\React\\\\amazon-clone\\\\functions\\\\node_modules\\\\firebase-functions\\\\lib\\\\index.js\"}"}}
[debug] [2021-06-25T11:49:10.711Z] [runtime-status] [21320] Outgoing network have been stubbed. [{"name":"http","status":"mocked"},{"name":"http","status":"mocked"},{"name":"https","status":"mocked"},{"name":"https","status":"mocked"},{"name":"net","status":"mocked"}] {"metadata":{"emulator":{"name":"functions"},"message":"[runtime-status] [21320] Outgoing network have been stubbed. [{\"name\":\"http\",\"status\":\"mocked\"},{\"name\":\"http\",\"status\":\"mocked\"},{\"name\":\"https\",\"status\":\"mocked\"},{\"name\":\"https\",\"status\":\"mocked\"},{\"name\":\"net\",\"status\":\"mocked\"}]"}}
[debug] [2021-06-25T11:49:10.711Z] [runtime-status] [21320] Resolved module firebase-functions {"declared":true,"installed":true,"version":"3.14.1","resolution":"D:\\React\\amazon-clone\\functions\\node_modules\\firebase-functions\\lib\\index.js"} {"metadata":{"emulator":{"name":"functions"},"message":"[runtime-status] [21320] Resolved module firebase-functions {\"declared\":true,\"installed\":true,\"version\":\"3.14.1\",\"resolution\":\"D:\\\\React\\\\amazon-clone\\\\functions\\\\node_modules\\\\firebase-functions\\\\lib\\\\index.js\"}"}}
[debug] [2021-06-25T11:49:10.770Z] [runtime-status] [21320] Checked functions.config() {"config":{}} {"metadata":{"emulator":{"name":"functions"},"message":"[runtime-status] [21320] Checked functions.config() {\"config\":{}}"}}
[debug] [2021-06-25T11:49:10.771Z] [runtime-status] [21320] firebase-functions has been stubbed. {"functionsResolution":{"declared":true,"installed":true,"version":"3.14.1","resolution":"D:\\React\\amazon-clone\\functions\\node_modules\\firebase-functions\\lib\\index.js"}} {"metadata":{"emulator":{"name":"functions"},"message":"[runtime-status] [21320] firebase-functions has been stubbed. {\"functionsResolution\":{\"declared\":true,\"installed\":true,\"version\":\"3.14.1\",\"resolution\":\"D:\\\\React\\\\amazon-clone\\\\functions\\\\node_modules\\\\firebase-functions\\\\lib\\\\index.js\"}}"}}
[debug] [2021-06-25T11:49:10.772Z] [runtime-status] [21320] Resolved module firebase-functions {"declared":true,"installed":true,"version":"3.14.1","resolution":"D:\\React\\amazon-clone\\functions\\node_modules\\firebase-functions\\lib\\index.js"} {"metadata":{"emulator":{"name":"functions"},"message":"[runtime-status] [21320] Resolved module firebase-functions {\"declared\":true,\"installed\":true,\"version\":\"3.14.1\",\"resolution\":\"D:\\\\React\\\\amazon-clone\\\\functions\\\\node_modules\\\\firebase-functions\\\\lib\\\\index.js\"}"}}
[debug] [2021-06-25T11:49:10.773Z] [runtime-status] [21320] Resolved module firebase-admin {"declared":true,"installed":true,"version":"9.10.0","resolution":"D:\\React\\amazon-clone\\functions\\node_modules\\firebase-admin\\lib\\index.js"} {"metadata":{"emulator":{"name":"functions"},"message":"[runtime-status] [21320] Resolved module firebase-admin {\"declared\":true,\"installed\":true,\"version\":\"9.10.0\",\"resolution\":\"D:\\\\React\\\\amazon-clone\\\\functions\\\\node_modules\\\\firebase-admin\\\\lib\\\\index.js\"}"}}
[debug] [2021-06-25T11:49:10.773Z] [runtime-status] [21320] Resolved module firebase-functions {"declared":true,"installed":true,"version":"3.14.1","resolution":"D:\\React\\amazon-clone\\functions\\node_modules\\firebase-functions\\lib\\index.js"} {"metadata":{"emulator":{"name":"functions"},"message":"[runtime-status] [21320] Resolved module firebase-functions {\"declared\":true,\"installed\":true,\"version\":\"3.14.1\",\"resolution\":\"D:\\\\React\\\\amazon-clone\\\\functions\\\\node_modules\\\\firebase-functions\\\\lib\\\\index.js\"}"}}
[debug] [2021-06-25T11:49:10.773Z] [runtime-status] [21320] firebase-admin has been stubbed. {"adminResolution":{"declared":true,"installed":true,"version":"9.10.0","resolution":"D:\\React\\amazon-clone\\functions\\node_modules\\firebase-admin\\lib\\index.js"}} {"metadata":{"emulator":{"name":"functions"},"message":"[runtime-status] [21320] firebase-admin has been stubbed. {\"adminResolution\":{\"declared\":true,\"installed\":true,\"version\":\"9.10.0\",\"resolution\":\"D:\\\\React\\\\amazon-clone\\\\functions\\\\node_modules\\\\firebase-admin\\\\lib\\\\index.js\"}}"}}
[debug] [2021-06-25T11:49:10.971Z] [worker-~diagnostic~-555c344d-fc43-472d-ae7b-e23ac401f430]: IDLE {"metadata":{"emulator":{"name":"functions"},"message":"[worker-~diagnostic~-555c344d-fc43-472d-ae7b-e23ac401f430]: IDLE"}}
